2026-05-26T19:19:43Z INF Thank you for trying Cloudflare Tunnel. Doing so, without a Cloudflare account, is a quick way to experiment and try it out. However, be aware that these account-less Tunnels have no uptime guarantee, are subject to the Cloudflare Online Services Terms of Use (https://www.cloudflare.com/website-terms/), and Cloudflare reserves the right to investigate your use of Tunnels for violations of such terms. If you intend to use Tunnels in production you should use a pre-created named tunnel by following: https://developers.cloudflare.com/cloudflare-one/connections/connect-apps
2026-05-26T19:19:43Z INF Requesting new quick Tunnel on trycloudflare.com...
2026-05-26T19:19:48Z INF +--------------------------------------------------------------------------------------------+
2026-05-26T19:19:48Z INF |  Your quick Tunnel has been created! Visit it at (it may take some time to be reachable):  |
2026-05-26T19:19:48Z INF |  https://pickup-wherever-mortgage-assessed.trycloudflare.com                               |
2026-05-26T19:19:48Z INF +--------------------------------------------------------------------------------------------+
2026-05-26T19:19:48Z INF Cannot determine default configuration path. No file [config.yml config.yaml] in [~/.cloudflared ~/.cloudflare-warp ~/cloudflare-warp]
2026-05-26T19:19:48Z INF Version 2026.5.1 (Checksum 8b97b5af442651e07c52caa9c79c6f60032bc10b675c2b36dd11c7690d9942e3)
2026-05-26T19:19:48Z INF GOOS: windows, GOVersion: go1.26.3, GoArch: amd64
2026-05-26T19:19:48Z INF Settings: map[ha-connections:1 no-autoupdate:true protocol:quic url:http://localhost]
2026-05-26T19:19:48Z INF cloudflared will not automatically update on Windows systems.
2026-05-26T19:19:48Z INF Generated Connector ID: 60c5c6d0-a75b-43cb-8326-c409d7d1990c
2026-05-26T19:19:48Z INF Initial protocol quic
2026-05-26T19:19:48Z INF ICMP proxy will use 192.168.1.12 as source for IPv4
2026-05-26T19:19:48Z INF ICMP proxy will use fe80::9301:4804:34fe:4430 in zone Ethernet as source for IPv6
2026-05-26T19:19:48Z INF cloudflared does not support loading the system root certificate pool on Windows. Please use --origin-ca-pool <PATH> to specify the path to the certificate pool
2026-05-26T19:19:48Z INF ICMP proxy will use 192.168.1.12 as source for IPv4
2026-05-26T19:19:48Z INF Tunnel connection curve preferences: [X25519MLKEM768 CurveID(65074) CurveP256] connIndex=0 event=0 ip=198.41.200.23
2026-05-26T19:19:48Z INF ICMP proxy will use fe80::9301:4804:34fe:4430 in zone Ethernet as source for IPv6
2026-05-26T19:19:48Z INF Starting metrics server on 127.0.0.1:20241/metrics
2026-05-26T19:19:48Z INF precheck component="DNS Resolution" details="DNS Resolved successfully" run_id=71f4c192-2c8d-4ab6-bc3b-69948e77c15e status=pass target=region1.v2.argotunnel.com
2026-05-26T19:19:48Z INF precheck component="DNS Resolution" details="DNS Resolved successfully" run_id=71f4c192-2c8d-4ab6-bc3b-69948e77c15e status=pass target=region2.v2.argotunnel.com
2026-05-26T19:19:48Z INF precheck component="UDP Connectivity" details="QUIC connection successful" run_id=71f4c192-2c8d-4ab6-bc3b-69948e77c15e status=pass target=region1.v2.argotunnel.com
2026-05-26T19:19:48Z INF precheck component="UDP Connectivity" details="QUIC connection successful" run_id=71f4c192-2c8d-4ab6-bc3b-69948e77c15e status=pass target=region2.v2.argotunnel.com
2026-05-26T19:19:48Z INF precheck component="TCP Connectivity" details="HTTP/2 connection successful" run_id=71f4c192-2c8d-4ab6-bc3b-69948e77c15e status=pass target=region1.v2.argotunnel.com
2026-05-26T19:19:48Z INF precheck component="TCP Connectivity" details="HTTP/2 connection successful" run_id=71f4c192-2c8d-4ab6-bc3b-69948e77c15e status=pass target=region2.v2.argotunnel.com
2026-05-26T19:19:48Z INF precheck component="Cloudflare API" details="API is reachable" run_id=71f4c192-2c8d-4ab6-bc3b-69948e77c15e status=pass target=api.cloudflare.com:443
2026-05-26T19:19:48Z INF precheck complete hard_fail=false run_id=71f4c192-2c8d-4ab6-bc3b-69948e77c15e suggested_protocol=quic
2026-05-26T19:19:49Z INF Registered tunnel connection connIndex=0 connection=cea93f44-d425-414e-8ed7-354adf8fcd6b event=0 ip=198.41.200.23 location=gru17 protocol=quic
