{"logTime": "0527/192708", "correlationVector":"dR/A1qpb6/CaYci0X7Hm1M.1","action":"SyncServerConnectionManagerRequest", "result":"SYNC_SERVER_OK", "context":{"environment":"Prod_brazilsouth_prod-s01-001-sam-brazilsouth", "migrationStage":"NotStarted", "server":"akswtt005000005"}}
{"logTime": "0527/192708", "correlationVector":"dR/A1qpb6/CaYci0X7Hm1M.2","action":"ProcessGetUpdates", "result":"Done", "context":{"dataType":"Encryption Keys", "deleted":"0", "process_failed_to_decrypt":"0", "process_pending_decryption":"0", "process_success":"1", "total":"1"}}
{"logTime": "0527/192709", "correlationVector":"8mmB9Hjpn3mjv4B/7XViQ6","action":"SyncServerConnectionManagerRequest", "result":"SYNC_SERVER_OK", "context":{"environment":"", "migrationStage":"", "server":""}}
{"logTime": "0527/192709", "correlationVector":"8mmB9Hjpn3mjv4B/7XViQ6.0","action":"EncryptionKeysFetcher.DownloadKeys:", "result":"Success", "context":Key count: 1, Last key timestamp: 2026-04-28T01:22:47Z}
{"logTime": "0527/192709", "correlationVector":"8mmB9Hjpn3mjv4B/7XViQ6.1","action":"EncryptionKeysManager::SetEncryptionKeys:", "result":"Success", "context":Key names[1]:[jhMgvOnceErz8PRy9lwPFFu4L68f86dCpCuXnXGMMGdfI0zwuMVqg3pNFBB+Ww7MrFZjUICOmBg9NHzxzBh5VA==]}
{"logTime": "0527/192709", "correlationVector":"8mmB9Hjpn3mjv4B/7XViQ6.2","action":"EncryptionKeysManager::SetEncryptionKeysWithTimestamps:", "result":"Success", "context":Key timestamps[1]:[2026-04-28T01:22:47Z]}
{"logTime": "0527/192709", "correlationVector":"dR/A1qpb6/CaYci0X7Hm1M","action":"Initial GetUpdates", "result":"", "context":Reason: NEW_CLIENT. cV=dR/A1qpb6/CaYci0X7Hm1M}
{"logTime": "0527/192709", "correlationVector":"dR/A1qpb6/CaYci0X7Hm1M.3","action":"GetUpdates Response", "result":"Success", "context":Received 1 update(s). cV=dR/A1qpb6/CaYci0X7Hm1M.0;server=akswtt005000005;cloudType=Consumer;environment=Prod_brazilsouth_prod-s01-001-sam-brazilsouth;migrationStage=NotStarted}
{"logTime": "0527/192709", "correlationVector":"1oxoSS8nEGJpHcwagLB6Y0","action":"Initial GetUpdates", "result":"", "context":Reason: NEWLY_SUPPORTED_DATATYPE. cV=1oxoSS8nEGJpHcwagLB6Y0}
{"logTime": "0527/192709", "correlationVector":"1oxoSS8nEGJpHcwagLB6Y0.1","action":"SyncServerConnectionManagerRequest", "result":"SYNC_SERVER_OK", "context":{"environment":"Prod_eastus2_prod-s01-050-nam-eastus2", "migrationStage":"NotStarted", "server":"akswtt11400001h"}}
{"logTime": "0527/192709", "correlationVector":"1oxoSS8nEGJpHcwagLB6Y0.2","action":"ProcessGetUpdates", "result":"Done", "context":{"dataType":"Preferences", "deleted":"0", "process_failed_to_decrypt":"0", "process_pending_decryption":"0", "process_success":"54", "total":"54"}}
{"logTime": "0527/192709", "correlationVector":"1oxoSS8nEGJpHcwagLB6Y0.3","action":"ProcessGetUpdates", "result":"Done", "context":{"dataType":"Passwords", "deleted":"0", "process_failed_to_decrypt":"0", "process_pending_decryption":"0", "process_success":"12", "total":"12"}}
{"logTime": "0527/192709", "correlationVector":"1oxoSS8nEGJpHcwagLB6Y0.4","action":"ProcessGetUpdates", "result":"Done", "context":{"dataType":"Device Info", "deleted":"0", "process_failed_to_decrypt":"0", "process_pending_decryption":"0", "process_success":"1", "total":"1"}}
{"logTime": "0527/192709", "correlationVector":"1oxoSS8nEGJpHcwagLB6Y0.5","action":"GetUpdates Response", "result":"Success", "context":Received 67 update(s). cV=1oxoSS8nEGJpHcwagLB6Y0.0;server=akswtt11400001h;cloudType=Consumer;environment=Prod_eastus2_prod-s01-050-nam-eastus2;migrationStage=NotStarted}
{"logTime": "0527/192709", "correlationVector":"CHGPlmIQtOjGKPhS1rGfX6","action":"Initial GetUpdates", "result":"", "context":Reason: NEWLY_SUPPORTED_DATATYPE. cV=CHGPlmIQtOjGKPhS1rGfX6}
{"logTime": "0527/192709", "correlationVector":"CHGPlmIQtOjGKPhS1rGfX6.1","action":"SyncServerConnectionManagerRequest", "result":"SYNC_SERVER_OK", "context":{"environment":"Prod_eastus2_prod-s01-050-nam-eastus2", "migrationStage":"NotStarted", "server":"akswtt11400000w"}}
{"logTime": "0527/192709", "correlationVector":"CHGPlmIQtOjGKPhS1rGfX6.2","action":"ProcessGetUpdates", "result":"Done", "context":{"dataType":"Bookmarks", "deleted":"0", "process_failed_to_decrypt":"0", "process_pending_decryption":"0", "process_success":"11", "total":"11"}}
{"logTime": "0527/192709", "correlationVector":"CHGPlmIQtOjGKPhS1rGfX6.3","action":"GetUpdates Response", "result":"Success", "context":Received 11 update(s). cV=CHGPlmIQtOjGKPhS1rGfX6.0;server=akswtt11400000w;cloudType=Consumer;environment=Prod_eastus2_prod-s01-050-nam-eastus2;migrationStage=NotStarted}
{"logTime": "0527/192709", "correlationVector":"FuG94DWvkZNekTbZ1wQc4E","action":"Initial GetUpdates", "result":"", "context":Reason: NEWLY_SUPPORTED_DATATYPE. cV=FuG94DWvkZNekTbZ1wQc4E}
{"logTime": "0527/192710", "correlationVector":"FuG94DWvkZNekTbZ1wQc4E.1","action":"SyncServerConnectionManagerRequest", "result":"SYNC_SERVER_OK", "context":{"environment":"Prod_eastus2_prod-s01-050-nam-eastus2", "migrationStage":"NotStarted", "server":"akswtt114000015"}}
{"logTime": "0527/192710", "correlationVector":"FuG94DWvkZNekTbZ1wQc4E.2","action":"ProcessGetUpdates", "result":"Done", "context":{"dataType":"Autofill", "deleted":"0", "process_failed_to_decrypt":"0", "process_pending_decryption":"0", "process_success":"50", "total":"50"}}
{"logTime": "0527/192710", "correlationVector":"FuG94DWvkZNekTbZ1wQc4E.3","action":"ProcessGetUpdates", "result":"Done", "context":{"dataType":"Sessions", "deleted":"190", "process_failed_to_decrypt":"0", "process_pending_decryption":"0", "process_success":"192", "total":"192"}}
{"logTime": "0527/192710", "correlationVector":"FuG94DWvkZNekTbZ1wQc4E.4","action":"ProcessGetUpdates", "result":"Done", "context":{"dataType":"Edge Hub App Usage", "deleted":"0", "process_failed_to_decrypt":"0", "process_pending_decryption":"0", "process_success":"8", "total":"8"}}
{"logTime": "0527/192710", "correlationVector":"FuG94DWvkZNekTbZ1wQc4E.5","action":"GetUpdates Response", "result":"Success", "context":Received 250 update(s). cV=FuG94DWvkZNekTbZ1wQc4E.0;server=akswtt114000015;cloudType=Consumer;environment=Prod_eastus2_prod-s01-050-nam-eastus2;migrationStage=NotStarted Some updates remain.}
{"logTime": "0527/192710", "correlationVector":"1V7d21U8og8JT6Y9AR4LxJ","action":"Initial GetUpdates", "result":"", "context":Reason: NEWLY_SUPPORTED_DATATYPE. cV=1V7d21U8og8JT6Y9AR4LxJ}
{"logTime": "0527/192710", "correlationVector":"1V7d21U8og8JT6Y9AR4LxJ.1","action":"SyncServerConnectionManagerRequest", "result":"SYNC_SERVER_OK", "context":{"environment":"Prod_brazilsouth_prod-s01-001-sam-brazilsouth", "migrationStage":"NotStarted", "server":"akswtt005000005"}}
{"logTime": "0527/192710", "correlationVector":"1V7d21U8og8JT6Y9AR4LxJ.2","action":"ProcessGetUpdates", "result":"Done", "context":{"dataType":"Autofill", "deleted":"0", "process_failed_to_decrypt":"0", "process_pending_decryption":"0", "process_success":"2", "total":"2"}}
{"logTime": "0527/192710", "correlationVector":"1V7d21U8og8JT6Y9AR4LxJ.3","action":"ProcessGetUpdates", "result":"Done", "context":{"dataType":"Sessions", "deleted":"0", "process_failed_to_decrypt":"0", "process_pending_decryption":"0", "process_success":"6", "total":"6"}}
{"logTime": "0527/192710", "correlationVector":"1V7d21U8og8JT6Y9AR4LxJ.4","action":"GetUpdates Response", "result":"Success", "context":Received 8 update(s). cV=1V7d21U8og8JT6Y9AR4LxJ.0;server=akswtt005000005;cloudType=Consumer;environment=Prod_brazilsouth_prod-s01-001-sam-brazilsouth;migrationStage=NotStarted}
{"logTime": "0527/192710", "correlationVector":"XYxAu3hh9YbV6qHGqSYLeD","action":"Initial GetUpdates", "result":"", "context":Reason: NEWLY_SUPPORTED_DATATYPE. cV=XYxAu3hh9YbV6qHGqSYLeD}
