2026-05-27 19:24:50.189: [INFO] VisibilityChanged: 0
2026-05-27 19:24:50.232: [INFO] RecordSyncInitDuration has_sync_been_enabled: 0 state: 0
2026-05-27 19:24:50.233: [INFO] RecordSyncInitDuration has_sync_been_enabled: 0 state: 0
2026-05-27 19:24:50.236: [INFO] RecordSyncInitDuration has_sync_been_enabled: 0 state: 0
2026-05-27 19:24:50.238: [INFO] RecordSyncInitDuration has_sync_been_enabled: 0 state: 0
2026-05-27 19:24:50.240: [INFO] RecordSyncInitDuration has_sync_been_enabled: 0 state: 0
2026-05-27 19:24:50.241: [INFO] RecordSyncInitDuration has_sync_been_enabled: 0 state: 0
2026-05-27 19:24:50.243: [INFO] RecordSyncInitDuration has_sync_been_enabled: 0 state: 0
2026-05-27 19:24:50.244: [INFO] RecordSyncInitDuration has_sync_been_enabled: 0 state: 0
2026-05-27 19:24:50.245: [INFO] RecordSyncInitDuration has_sync_been_enabled: 0 state: 0
2026-05-27 19:24:50.247: [INFO] RecordSyncInitDuration has_sync_been_enabled: 0 state: 0
2026-05-27 19:24:50.248: [INFO] RecordSyncInitDuration has_sync_been_enabled: 0 state: 0
2026-05-27 19:24:50.250: [INFO] RecordSyncInitDuration has_sync_been_enabled: 0 state: 0
2026-05-27 19:24:50.270: [INFO] BookmarkModelLoaded, ids_reassigned: 0
2026-05-27 19:24:50.270: [INFO] OnDoneLoading sync enabled: 0
2026-05-27 19:24:50.318: [INFO] RecordSyncInitDuration has_sync_been_enabled: 0 state: 0
2026-05-27 19:24:51.249: [INFO] RecordSyncInitDuration has_sync_been_enabled: 0 state: 0
2026-05-27 19:24:51.255: [INFO] RecordSyncInitDuration has_sync_been_enabled: 0 state: 3
2026-05-27 19:24:51.259: [INFO] Primary account changed.
2026-05-27 19:24:51.259: [INFO] OnPrimaryAccountChanged PrimaryAccountChangeEvent::Type::kSet
2026-05-27 19:24:51.264: [INFO] RecordSyncInitDuration has_sync_been_enabled: 0 state: 3
2026-05-27 19:24:51.321: [INFO] RecordSyncInitDuration has_sync_been_enabled: 0 state: 3
2026-05-27 19:24:53.888: [INFO] BookmarkNodeAdded, ABU: 0
2026-05-27 19:24:53.888: [INFO] BookmarkNodeAdded, ABU: 0
2026-05-27 19:24:53.889: [INFO] BookmarkNodeAdded, ABU: 0
2026-05-27 19:24:53.890: [INFO] BookmarkNodeAdded, ABU: 0
2026-05-27 19:24:53.891: [INFO] BookmarkNodeAdded, ABU: 0
