{"logTime": "0527/192544", "correlationVector":"sMU3ryo2m25NJQ0eVY0v/M.1","action":"SyncServerConnectionManagerRequest", "result":"SYNC_SERVER_OK", "context":{"environment":"Prod_brazilsouth_prod-s01-001-sam-brazilsouth", "migrationStage":"NotStarted", "server":"akswtt00500000j"}}
{"logTime": "0527/192544", "correlationVector":"sMU3ryo2m25NJQ0eVY0v/M.2","action":"ProcessGetUpdates", "result":"Done", "context":{"dataType":"Encryption Keys", "deleted":"0", "process_failed_to_decrypt":"0", "process_pending_decryption":"0", "process_success":"1", "total":"1"}}
{"logTime": "0527/192545", "correlationVector":"91NOLwHmVw2PZvQOj5T+hg","action":"SyncServerConnectionManagerRequest", "result":"SYNC_SERVER_OK", "context":{"environment":"", "migrationStage":"", "server":""}}
{"logTime": "0527/192545", "correlationVector":"91NOLwHmVw2PZvQOj5T+hg.0","action":"EncryptionKeysFetcher.DownloadKeys:", "result":"Success", "context":Key count: 1, Last key timestamp: 2026-04-28T01:22:47Z}
{"logTime": "0527/192545", "correlationVector":"91NOLwHmVw2PZvQOj5T+hg.1","action":"EncryptionKeysManager::SetEncryptionKeys:", "result":"Success", "context":Key names[1]:[jhMgvOnceErz8PRy9lwPFFu4L68f86dCpCuXnXGMMGdfI0zwuMVqg3pNFBB+Ww7MrFZjUICOmBg9NHzxzBh5VA==]}
{"logTime": "0527/192545", "correlationVector":"91NOLwHmVw2PZvQOj5T+hg.2","action":"EncryptionKeysManager::SetEncryptionKeysWithTimestamps:", "result":"Success", "context":Key timestamps[1]:[2026-04-28T01:22:47Z]}
{"logTime": "0527/192545", "correlationVector":"sMU3ryo2m25NJQ0eVY0v/M","action":"Initial GetUpdates", "result":"", "context":Reason: NEW_CLIENT. cV=sMU3ryo2m25NJQ0eVY0v/M}
{"logTime": "0527/192545", "correlationVector":"sMU3ryo2m25NJQ0eVY0v/M.3","action":"GetUpdates Response", "result":"Success", "context":Received 1 update(s). cV=sMU3ryo2m25NJQ0eVY0v/M.0;server=akswtt00500000j;cloudType=Consumer;environment=Prod_brazilsouth_prod-s01-001-sam-brazilsouth;migrationStage=NotStarted}
{"logTime": "0527/192545", "correlationVector":"ZaNIC6qoXaCHbYuTrMA6Bl","action":"Initial GetUpdates", "result":"", "context":Reason: NEWLY_SUPPORTED_DATATYPE. cV=ZaNIC6qoXaCHbYuTrMA6Bl}
{"logTime": "0527/192546", "correlationVector":"ZaNIC6qoXaCHbYuTrMA6Bl.1","action":"SyncServerConnectionManagerRequest", "result":"SYNC_SERVER_OK", "context":{"environment":"Prod_eastus2_prod-s01-050-nam-eastus2", "migrationStage":"NotStarted", "server":"akswtt11400001c"}}
{"logTime": "0527/192546", "correlationVector":"ZaNIC6qoXaCHbYuTrMA6Bl.2","action":"ProcessGetUpdates", "result":"Done", "context":{"dataType":"Preferences", "deleted":"0", "process_failed_to_decrypt":"0", "process_pending_decryption":"0", "process_success":"54", "total":"54"}}
{"logTime": "0527/192546", "correlationVector":"ZaNIC6qoXaCHbYuTrMA6Bl.3","action":"ProcessGetUpdates", "result":"Done", "context":{"dataType":"Passwords", "deleted":"0", "process_failed_to_decrypt":"0", "process_pending_decryption":"0", "process_success":"12", "total":"12"}}
{"logTime": "0527/192546", "correlationVector":"ZaNIC6qoXaCHbYuTrMA6Bl.4","action":"ProcessGetUpdates", "result":"Done", "context":{"dataType":"Device Info", "deleted":"0", "process_failed_to_decrypt":"0", "process_pending_decryption":"0", "process_success":"1", "total":"1"}}
{"logTime": "0527/192546", "correlationVector":"ZaNIC6qoXaCHbYuTrMA6Bl.5","action":"GetUpdates Response", "result":"Success", "context":Received 67 update(s). cV=ZaNIC6qoXaCHbYuTrMA6Bl.0;server=akswtt11400001c;cloudType=Consumer;environment=Prod_eastus2_prod-s01-050-nam-eastus2;migrationStage=NotStarted}
{"logTime": "0527/192546", "correlationVector":"JrQ+moW8GA5lsgBiwn9KX6","action":"Initial GetUpdates", "result":"", "context":Reason: NEWLY_SUPPORTED_DATATYPE. cV=JrQ+moW8GA5lsgBiwn9KX6}
{"logTime": "0527/192546", "correlationVector":"JrQ+moW8GA5lsgBiwn9KX6.1","action":"SyncServerConnectionManagerRequest", "result":"SYNC_SERVER_OK", "context":{"environment":"Prod_eastus2_prod-s01-050-nam-eastus2", "migrationStage":"NotStarted", "server":"akswtt114000003"}}
{"logTime": "0527/192546", "correlationVector":"JrQ+moW8GA5lsgBiwn9KX6.2","action":"ProcessGetUpdates", "result":"Done", "context":{"dataType":"Bookmarks", "deleted":"0", "process_failed_to_decrypt":"0", "process_pending_decryption":"0", "process_success":"11", "total":"11"}}
{"logTime": "0527/192546", "correlationVector":"JrQ+moW8GA5lsgBiwn9KX6.3","action":"GetUpdates Response", "result":"Success", "context":Received 11 update(s). cV=JrQ+moW8GA5lsgBiwn9KX6.0;server=akswtt114000003;cloudType=Consumer;environment=Prod_eastus2_prod-s01-050-nam-eastus2;migrationStage=NotStarted}
{"logTime": "0527/192546", "correlationVector":"NfGJ3Vapi1kRHrMiJtZWSJ","action":"Initial GetUpdates", "result":"", "context":Reason: NEWLY_SUPPORTED_DATATYPE. cV=NfGJ3Vapi1kRHrMiJtZWSJ}
{"logTime": "0527/192547", "correlationVector":"NfGJ3Vapi1kRHrMiJtZWSJ.1","action":"SyncServerConnectionManagerRequest", "result":"SYNC_SERVER_OK", "context":{"environment":"Prod_eastus2_prod-s01-050-nam-eastus2", "migrationStage":"NotStarted", "server":"akswtt11400000t"}}
{"logTime": "0527/192547", "correlationVector":"NfGJ3Vapi1kRHrMiJtZWSJ.2","action":"ProcessGetUpdates", "result":"Done", "context":{"dataType":"Autofill", "deleted":"0", "process_failed_to_decrypt":"0", "process_pending_decryption":"0", "process_success":"50", "total":"50"}}
{"logTime": "0527/192547", "correlationVector":"NfGJ3Vapi1kRHrMiJtZWSJ.3","action":"ProcessGetUpdates", "result":"Done", "context":{"dataType":"Sessions", "deleted":"190", "process_failed_to_decrypt":"0", "process_pending_decryption":"0", "process_success":"192", "total":"192"}}
{"logTime": "0527/192547", "correlationVector":"NfGJ3Vapi1kRHrMiJtZWSJ.4","action":"ProcessGetUpdates", "result":"Done", "context":{"dataType":"Edge Hub App Usage", "deleted":"0", "process_failed_to_decrypt":"0", "process_pending_decryption":"0", "process_success":"8", "total":"8"}}
{"logTime": "0527/192547", "correlationVector":"NfGJ3Vapi1kRHrMiJtZWSJ.5","action":"GetUpdates Response", "result":"Success", "context":Received 250 update(s). cV=NfGJ3Vapi1kRHrMiJtZWSJ.0;server=akswtt11400000t;cloudType=Consumer;environment=Prod_eastus2_prod-s01-050-nam-eastus2;migrationStage=NotStarted Some updates remain.}
{"logTime": "0527/192547", "correlationVector":"I9kPv03zSOcWF3J2jWpSqw","action":"Initial GetUpdates", "result":"", "context":Reason: NEWLY_SUPPORTED_DATATYPE. cV=I9kPv03zSOcWF3J2jWpSqw}
{"logTime": "0527/192547", "correlationVector":"I9kPv03zSOcWF3J2jWpSqw.1","action":"SyncServerConnectionManagerRequest", "result":"SYNC_SERVER_OK", "context":{"environment":"Prod_brazilsouth_prod-s01-034-sam-brazilsouth", "migrationStage":"NotStarted", "server":"akswtt101000008"}}
{"logTime": "0527/192547", "correlationVector":"I9kPv03zSOcWF3J2jWpSqw.2","action":"ProcessGetUpdates", "result":"Done", "context":{"dataType":"Autofill", "deleted":"0", "process_failed_to_decrypt":"0", "process_pending_decryption":"0", "process_success":"2", "total":"2"}}
{"logTime": "0527/192547", "correlationVector":"I9kPv03zSOcWF3J2jWpSqw.3","action":"ProcessGetUpdates", "result":"Done", "context":{"dataType":"Sessions", "deleted":"0", "process_failed_to_decrypt":"0", "process_pending_decryption":"0", "process_success":"6", "total":"6"}}
{"logTime": "0527/192547", "correlationVector":"I9kPv03zSOcWF3J2jWpSqw.4","action":"GetUpdates Response", "result":"Success", "context":Received 8 update(s). cV=I9kPv03zSOcWF3J2jWpSqw.0;server=akswtt101000008;cloudType=Consumer;environment=Prod_brazilsouth_prod-s01-034-sam-brazilsouth;migrationStage=NotStarted}
{"logTime": "0527/192547", "correlationVector":"qw49yBjZfA6x0ECvfNEgXR","action":"Initial GetUpdates", "result":"", "context":Reason: NEWLY_SUPPORTED_DATATYPE. cV=qw49yBjZfA6x0ECvfNEgXR}
